<?xml version="1.0" encoding="UTF-8"?>
<testsuite xmlns:xsi="http://www.w3.org/2001/XMLSchema-instance" xsi:noNamespaceSchemaLocation="https://maven.apache.org/surefire/maven-surefire-plugin/xsd/surefire-test-report.xsd" name="RPLSTest" time="0.168" tests="8" errors="0" skipped="0" failures="2">
  <properties>
[...]
</properties>
  <testcase name="testBothPlayedTrue" classname="RPLSTest" time="0.011"/>
  <testcase name="testDraw" classname="RPLSTest" time="0.001"/>
  <testcase name="testBothPlayedFalse" classname="RPLSTest" time="0.001"/>
  <testcase name="testBothPlayedFalse2" classname="RPLSTest" time="0"/>
  <testcase name="testP1Wins" classname="RPLSTest" time="0.008">
    <failure message="P1 should have won ==&gt; expected: &lt;1&gt; but was: &lt;0&gt;" type="org.opentest4j.AssertionFailedError"><![CDATA[org.opentest4j.AssertionFailedError: P1 should have won ==> expected: <1> but was: <0>
	at RPLSTest.testP1Wins(RPLSTest.java:41)
]]></failure>
  </testcase>
  <testcase name="testP2Wins" classname="RPLSTest" time="0"/>
  <testcase name="testUpdateP1" classname="RPLSTest" time="0.002">
    <failure message="p1 not updated correctly ==&gt; expected: &lt;rock&gt; but was: &lt;&gt;" type="org.opentest4j.AssertionFailedError"><![CDATA[org.opentest4j.AssertionFailedError: p1 not updated correctly ==> expected: <rock> but was: <>
	at RPLSTest.testUpdateP1(RPLSTest.java:25)
]]></failure>
    <system-out><![CDATA[ NUM 1
 p1 0
]]></system-out>
  </testcase>
  <testcase name="testUpdateP2" classname="RPLSTest" time="0.002"/>
</testsuite>